Wed, 20 Dec 2017 11:39:35 p2.py[line:121] ERROR unsupported operand type(s) for %: 'int' and 'str'
Wed, 20 Dec 2017 14:29:33 p2.py[line:60] ERROR (2003, "Can't connect to MySQL server on 'rm-bp14ba0hr97nd48s3.mysql.rds.aliyuncs.com' (10060)")
Wed, 20 Dec 2017 14:29:36 p2.py[line:88] ERROR Timeout connecting to server
Wed, 20 Dec 2017 14:29:36 p2.py[line:121] ERROR mysql not start
Wed, 20 Dec 2017 14:30:07 p2.py[line:60] ERROR (2003, "Can't connect to MySQL server on 'rm-bp14ba0hr97nd48s3.mysql.rds.aliyuncs.com' (10060)")
Wed, 20 Dec 2017 14:30:10 p2.py[line:88] ERROR Timeout connecting to server
Wed, 20 Dec 2017 14:30:10 p2.py[line:121] ERROR mysql not start
Wed, 20 Dec 2017 14:30:41 p2.py[line:60] ERROR (2003, "Can't connect to MySQL server on 'rm-bp14ba0hr97nd48s3.mysql.rds.aliyuncs.com' (10060)")
Wed, 20 Dec 2017 14:30:44 p2.py[line:88] ERROR Timeout connecting to server
Wed, 20 Dec 2017 14:30:44 p2.py[line:121] ERROR mysql not start
Wed, 20 Dec 2017 14:31:15 p2.py[line:60] ERROR (2003, "Can't connect to MySQL server on 'rm-bp14ba0hr97nd48s3.mysql.rds.aliyuncs.com' (10060)")
Wed, 20 Dec 2017 14:31:18 p2.py[line:88] ERROR Timeout connecting to server
Wed, 20 Dec 2017 14:31:18 p2.py[line:121] ERROR mysql not start
Wed, 20 Dec 2017 14:32:31 p2.py[line:60] ERROR (2003, "Can't connect to MySQL server on 'rm-bp14ba0hr97nd48s3.mysql.rds.aliyuncs.com' (10060)")
Wed, 20 Dec 2017 14:32:34 p2.py[line:88] ERROR Timeout connecting to server
Wed, 20 Dec 2017 14:32:34 p2.py[line:121] ERROR mysql not start
Wed, 20 Dec 2017 14:32:58 p2.py[line:60] ERROR (2003, "Can't connect to MySQL server on 'rm-bp14ba0hr97nd48s3.mysql.rds.aliyuncs.com' (10060)")
Wed, 20 Dec 2017 14:33:01 p2.py[line:88] ERROR Timeout connecting to server
Wed, 20 Dec 2017 14:33:01 p2.py[line:121] ERROR mysql not start
Wed, 20 Dec 2017 14:33:25 p2.py[line:60] ERROR (2003, "Can't connect to MySQL server on 'rm-bp14ba0hr97nd48s3.mysql.rds.aliyuncs.com' (10060)")
Wed, 20 Dec 2017 14:33:28 p2.py[line:88] ERROR Timeout connecting to server
Wed, 20 Dec 2017 14:33:28 p2.py[line:121] ERROR mysql not start
Wed, 20 Dec 2017 14:33:52 p2.py[line:60] ERROR (2003, "Can't connect to MySQL server on 'rm-bp14ba0hr97nd48s3.mysql.rds.aliyuncs.com' (10060)")
Wed, 20 Dec 2017 14:33:55 p2.py[line:88] ERROR Timeout connecting to server
Wed, 20 Dec 2017 14:33:55 p2.py[line:121] ERROR mysql not start
Wed, 20 Dec 2017 14:34:19 p2.py[line:60] ERROR (2003, "Can't connect to MySQL server on 'rm-bp14ba0hr97nd48s3.mysql.rds.aliyuncs.com' (10060)")
Wed, 20 Dec 2017 14:34:22 p2.py[line:88] ERROR Timeout connecting to server
Wed, 20 Dec 2017 14:34:22 p2.py[line:121] ERROR mysql not start
Wed, 20 Dec 2017 14:37:41 p2.py[line:52] ERROR (2003, "Can't connect to MySQL server on 'rm-bp14ba0hr97nd48s3.mysql.rds.aliyuncs.com' (10060)")
Wed, 20 Dec 2017 14:37:41 p2.py[line:105] ERROR mysql not start
Wed, 20 Dec 2017 14:38:05 p2.py[line:52] ERROR (2003, "Can't connect to MySQL server on 'rm-bp14ba0hr97nd48s3.mysql.rds.aliyuncs.com' (10060)")
Wed, 20 Dec 2017 14:38:05 p2.py[line:105] ERROR mysql not start
Wed, 20 Dec 2017 14:38:29 p2.py[line:52] ERROR (2003, "Can't connect to MySQL server on 'rm-bp14ba0hr97nd48s3.mysql.rds.aliyuncs.com' (10060)")
Wed, 20 Dec 2017 14:38:29 p2.py[line:105] ERROR mysql not start
Wed, 20 Dec 2017 14:40:16 p2.py[line:52] ERROR (2003, "Can't connect to MySQL server on 'rm-bp14ba0hr97nd48s3.mysql.rds.aliyuncs.com' (10060)")
Wed, 20 Dec 2017 14:40:16 p2.py[line:105] ERROR mysql not start
Wed, 20 Dec 2017 14:40:40 p2.py[line:52] ERROR (2003, "Can't connect to MySQL server on 'rm-bp14ba0hr97nd48s3.mysql.rds.aliyuncs.com' (10060)")
Wed, 20 Dec 2017 14:40:40 p2.py[line:105] ERROR mysql not start
Wed, 20 Dec 2017 14:41:04 p2.py[line:52] ERROR (2003, "Can't connect to MySQL server on 'rm-bp14ba0hr97nd48s3.mysql.rds.aliyuncs.com' (10060)")
Wed, 20 Dec 2017 14:41:04 p2.py[line:105] ERROR mysql not start
Wed, 20 Dec 2017 14:42:20 p2.py[line:52] ERROR (2003, "Can't connect to MySQL server on 'rm-bp14ba0hr97nd48s3.mysql.rds.aliyuncs.com' (10060)")
Wed, 20 Dec 2017 14:42:20 p2.py[line:105] ERROR mysql not start
Wed, 20 Dec 2017 14:42:41 p2.py[line:52] ERROR (2003, "Can't connect to MySQL server on 'rm-bp14ba0hr97nd48s3.mysql.rds.aliyuncs.com' (10060)")
Wed, 20 Dec 2017 14:42:41 p2.py[line:105] ERROR mysql not start
Wed, 20 Dec 2017 14:43:02 p2.py[line:52] ERROR (2003, "Can't connect to MySQL server on 'rm-bp14ba0hr97nd48s3.mysql.rds.aliyuncs.com' (10060)")
Wed, 20 Dec 2017 14:43:02 p2.py[line:105] ERROR mysql not start
Wed, 20 Dec 2017 14:47:18 p2.py[line:52] ERROR (2003, "Can't connect to MySQL server on 'rm-bp14ba0hr97nd48s3.mysql.rds.aliyuncs.com' (10060)")
Wed, 20 Dec 2017 14:47:18 p2.py[line:105] ERROR mysql not start
Wed, 20 Dec 2017 14:47:39 p2.py[line:52] ERROR (2003, "Can't connect to MySQL server on 'rm-bp14ba0hr97nd48s3.mysql.rds.aliyuncs.com' (10060)")
Wed, 20 Dec 2017 14:47:39 p2.py[line:105] ERROR mysql not start
Wed, 20 Dec 2017 14:48:00 p2.py[line:52] ERROR (2003, "Can't connect to MySQL server on 'rm-bp14ba0hr97nd48s3.mysql.rds.aliyuncs.com' (10060)")
Wed, 20 Dec 2017 14:48:00 p2.py[line:105] ERROR mysql not start
Wed, 20 Dec 2017 14:56:01 p2.py[line:72] ERROR Timeout connecting to server
Wed, 20 Dec 2017 14:56:01 p2.py[line:103] ERROR redis not start
Wed, 20 Dec 2017 14:56:05 p2.py[line:72] ERROR Timeout connecting to server
Wed, 20 Dec 2017 14:56:05 p2.py[line:103] ERROR redis not start
Wed, 20 Dec 2017 14:56:08 p2.py[line:72] ERROR Timeout connecting to server
Wed, 20 Dec 2017 14:56:08 p2.py[line:103] ERROR redis not start
Wed, 20 Dec 2017 14:56:20 p2.py[line:72] ERROR Timeout connecting to server
Wed, 20 Dec 2017 14:56:20 p2.py[line:103] ERROR redis not start
Wed, 20 Dec 2017 14:56:24 p2.py[line:72] ERROR Timeout connecting to server
Wed, 20 Dec 2017 14:56:24 p2.py[line:103] ERROR redis not start
Wed, 20 Dec 2017 14:56:27 p2.py[line:72] ERROR Timeout connecting to server
Wed, 20 Dec 2017 14:56:27 p2.py[line:103] ERROR redis not start
